0 info it worked if it ends with ok
1 verbose cli [ 'node',
1 verbose cli   '/usr/local/bin/npm',
1 verbose cli   'install',
1 verbose cli   '--save-dev',
1 verbose cli   'xdg-mime' ]
2 info using npm@1.4.28
3 info using node@v0.10.32
4 warn package.json peterkaletacom@0.0.1 No description
5 warn package.json peterkaletacom@0.0.1 No repository field.
6 warn package.json peterkaletacom@0.0.1 No README data
7 verbose readDependencies using package.json deps
8 verbose cache add [ 'xdg-mime', null ]
9 verbose cache add name=undefined spec="xdg-mime" args=["xdg-mime",null]
10 verbose parsed url { protocol: null,
10 verbose parsed url   slashes: null,
10 verbose parsed url   auth: null,
10 verbose parsed url   host: null,
10 verbose parsed url   port: null,
10 verbose parsed url   hostname: null,
10 verbose parsed url   hash: null,
10 verbose parsed url   search: null,
10 verbose parsed url   query: null,
10 verbose parsed url   pathname: 'xdg-mime',
10 verbose parsed url   path: 'xdg-mime',
10 verbose parsed url   href: 'xdg-mime' }
11 silly lockFile d11f36ce-xdg-mime xdg-mime
12 verbose lock xdg-mime /Users/peterkaleta/.npm/d11f36ce-xdg-mime.lock
13 silly lockFile d11f36ce-xdg-mime xdg-mime
14 silly lockFile d11f36ce-xdg-mime xdg-mime
15 verbose addNamed [ 'xdg-mime', '' ]
16 verbose addNamed [ null, '*' ]
17 silly lockFile 30730680-xdg-mime xdg-mime@
18 verbose lock xdg-mime@ /Users/peterkaleta/.npm/30730680-xdg-mime.lock
19 silly addNameRange { name: 'xdg-mime', range: '*', hasData: false }
20 verbose request where is /xdg-mime
21 verbose request registry https://cah.registry.nodejitsu.com/
22 verbose request id bc52bf4a0659c208
23 verbose url raw /xdg-mime
24 verbose url resolving [ 'https://cah.registry.nodejitsu.com/', './xdg-mime' ]
25 verbose url resolved https://cah.registry.nodejitsu.com/xdg-mime
26 verbose request where is https://cah.registry.nodejitsu.com/xdg-mime
27 info trying registry request attempt 1 at 11:53:05
28 http GET https://cah.registry.nodejitsu.com/xdg-mime
29 http 404 https://cah.registry.nodejitsu.com/xdg-mime
30 verbose headers { server: 'CouchDB/1.5.0 (Erlang OTP/R15B03)',
30 verbose headers   date: 'Fri, 06 Feb 2015 04:53:07 GMT',
30 verbose headers   'content-type': 'application/json',
30 verbose headers   'content-length': '52',
30 verbose headers   'cache-control': 'must-revalidate',
30 verbose headers   connection: 'close' }
31 silly registry.get cb [ 404,
31 silly registry.get   { server: 'CouchDB/1.5.0 (Erlang OTP/R15B03)',
31 silly registry.get     date: 'Fri, 06 Feb 2015 04:53:07 GMT',
31 silly registry.get     'content-type': 'application/json',
31 silly registry.get     'content-length': '52',
31 silly registry.get     'cache-control': 'must-revalidate',
31 silly registry.get     connection: 'close' } ]
32 silly lockFile 30730680-xdg-mime xdg-mime@
33 silly lockFile 30730680-xdg-mime xdg-mime@
34 error 404 404 Not Found: xdg-mime
34 error 404
34 error 404 'xdg-mime' is not in the npm registry.
34 error 404 You should bug the author to publish it
34 error 404 It was specified as a dependency of 'peterkaletacom'
34 error 404
34 error 404 Note that you can also install from a
34 error 404 tarball, folder, or http url, or git url.
35 error System Darwin 14.0.0
36 error command "node" "/usr/local/bin/npm" "install" "--save-dev" "xdg-mime"
37 error cwd /Users/peterkaleta/projects/peterkaleta
38 error node -v v0.10.32
39 error npm -v 1.4.28
40 error code E404
41 verbose exit [ 1, true ]
